# JRE version: Java(TM) SE Runtime Environment (8.0_71-b15) (build 1.8.0_71-b15)
# Java VM: Java HotSpot(TM) Client VM (25.71-b15 mixed mode windows-x86 )
Heap:
 def new generation   total 28096K, used 8954K [0x02c00000, 0x04a70000, 0x18150000)
  eden space 25024K,  30% used [0x02c00000, 0x03361a78, 0x04470000)
  from space 3072K,  45% used [0x04770000, 0x048cce00, 0x04a70000)
  to   space 3072K,   0% used [0x04470000, 0x04470000, 0x04770000)
 tenured generation   total 62172K, used 50542K [0x18150000, 0x1be07000, 0x42c00000)
   the space 62172K,  81% used [0x18150000, 0x1b2aba00, 0x1b2aba00, 0x1be07000)
 Metaspace       used 39184K, capacity 40507K, committed 40960K, reserved 41344K
GC Heap History (10 events):
Event: 785.577 GC heap before
{Heap before GC invocations=119 (full 6):
 def new generation   total 28096K, used 25540K [0x02c00000, 0x04a70000, 0x18150000)
  eden space 25024K, 100% used [0x02c00000, 0x04470000, 0x04470000)
  from space 3072K,  16% used [0x04470000, 0x044f1258, 0x04770000)
  to   space 3072K,   0% used [0x04770000, 0x04770000, 0x04a70000)
 tenured generation   total 62172K, used 39689K [0x18150000, 0x1be07000, 0x42c00000)
   the space 62172K,  63% used [0x18150000, 0x1a8124a8, 0x1a812600, 0x1be07000)
 Metaspace       used 37757K, capacity 39063K, committed 39680K, reserved 40320K
Event: 785.597 GC heap after
Heap after GC invocations=120 (full 6):
 def new generation   total 28096K, used 2498K [0x02c00000, 0x04a70000, 0x18150000)
  eden space 25024K,   0% used [0x02c00000, 0x02c00000, 0x04470000)
  from space 3072K,  81% used [0x04770000, 0x049e0958, 0x04a70000)
  to   space 3072K,   0% used [0x04470000, 0x04470000, 0x04770000)
 tenured generation   total 62172K, used 39689K [0x18150000, 0x1be07000, 0x42c00000)
   the space 62172K,  63% used [0x18150000, 0x1a8124a8, 0x1a812600, 0x1be07000)
 Metaspace       used 37757K, capacity 39063K, committed 39680K, reserved 40320K
}
Event: 788.575 GC heap before
{Heap before GC invocations=120 (full 6):
 def new generation   total 28096K, used 27522K [0x02c00000, 0x04a70000, 0x18150000)
  eden space 25024K, 100% used [0x02c00000, 0x04470000, 0x04470000)
  from space 3072K,  81% used [0x04770000, 0x049e0958, 0x04a70000)
  to   space 3072K,   0% used [0x04470000, 0x04470000, 0x04770000)
 tenured generation   total 62172K, used 39689K [0x18150000, 0x1be07000, 0x42c00000)
   the space 62172K,  63% used [0x18150000, 0x1a8124a8, 0x1a812600, 0x1be07000)
 Metaspace       used 38315K, capacity 39618K, committed 40192K, reserved 40320K
Event: 788.607 GC heap after
Heap after GC invocations=121 (full 6):
 def new generation   total 28096K, used 2855K [0x02c00000, 0x04a70000, 0x18150000)
  eden space 25024K,   0% used [0x02c00000, 0x02c00000, 0x04470000)
  from space 3072K,  92% used [0x04470000, 0x04739e30, 0x04770000)
  to   space 3072K,   0% used [0x04770000, 0x04770000, 0x04a70000)
 tenured generation   total 62172K, used 42137K [0x18150000, 0x1be07000, 0x42c00000)
   the space 62172K,  67% used [0x18150000, 0x1aa764b0, 0x1aa76600, 0x1be07000)
 Metaspace       used 38315K, capacity 39618K, committed 40192K, reserved 40320K
}
Event: 790.323 GC heap before
{Heap before GC invocations=121 (full 6):
 def new generation   total 28096K, used 27879K [0x02c00000, 0x04a70000, 0x18150000)
  eden space 25024K, 100% used [0x02c00000, 0x04470000, 0x04470000)
  from space 3072K,  92% used [0x04470000, 0x04739e30, 0x04770000)
  to   space 3072K,   0% used [0x04770000, 0x04770000, 0x04a70000)
 tenured generation   total 62172K, used 42137K [0x18150000, 0x1be07000, 0x42c00000)
   the space 62172K,  67% used [0x18150000, 0x1aa764b0, 0x1aa76600, 0x1be07000)
 Metaspace       used 38698K, capacity 40039K, committed 40576K, reserved 41344K
Event: 790.351 GC heap after
Heap after GC invocations=122 (full 6):
 def new generation   total 28096K, used 3041K [0x02c00000, 0x04a70000, 0x18150000)
  eden space 25024K,   0% used [0x02c00000, 0x02c00000, 0x04470000)
  from space 3072K,  98% used [0x04770000, 0x04a68518, 0x04a70000)
  to   space 3072K,   0% used [0x04470000, 0x04470000, 0x04770000)
 tenured generation   total 62172K, used 44161K [0x18150000, 0x1be07000, 0x42c00000)
   the space 62172K,  71% used [0x18150000, 0x1ac705f8, 0x1ac70600, 0x1be07000)
 Metaspace       used 38698K, capacity 40039K, committed 40576K, reserved 41344K
}
Event: 790.906 GC heap before
{Heap before GC invocations=122 (full 6):
 def new generation   total 28096K, used 28065K [0x02c00000, 0x04a70000, 0x18150000)
  eden space 25024K, 100% used [0x02c00000, 0x04470000, 0x04470000)
  from space 3072K,  98% used [0x04770000, 0x04a68518, 0x04a70000)
  to   space 3072K,   0% used [0x04470000, 0x04470000, 0x04770000)
 tenured generation   total 62172K, used 44161K [0x18150000, 0x1be07000, 0x42c00000)
   the space 62172K,  71% used [0x18150000, 0x1ac705f8, 0x1ac70600, 0x1be07000)
 Metaspace       used 38704K, capacity 40039K, committed 40576K, reserved 41344K
Event: 790.943 GC heap after
Heap after GC invocations=123 (full 6):
 def new generation   total 28096K, used 3072K [0x02c00000, 0x04a70000, 0x18150000)
  eden space 25024K,   0% used [0x02c00000, 0x02c00000, 0x04470000)
  from space 3072K, 100% used [0x04470000, 0x04770000, 0x04770000)
  to   space 3072K,   0% used [0x04770000, 0x04770000, 0x04a70000)
 tenured generation   total 62172K, used 47501K [0x18150000, 0x1be07000, 0x42c00000)
   the space 62172K,  76% used [0x18150000, 0x1afb3568, 0x1afb3600, 0x1be07000)
 Metaspace       used 38704K, capacity 40039K, committed 40576K, reserved 41344K
}
Event: 795.733 GC heap before
{Heap before GC invocations=123 (full 6):
 def new generation   total 28096K, used 28096K [0x02c00000, 0x04a70000, 0x18150000)
  eden space 25024K, 100% used [0x02c00000, 0x04470000, 0x04470000)
  from space 3072K, 100% used [0x04470000, 0x04770000, 0x04770000)
  to   space 3072K,   0% used [0x04770000, 0x04770000, 0x04a70000)
 tenured generation   total 62172K, used 47501K [0x18150000, 0x1be07000, 0x42c00000)
   the space 62172K,  76% used [0x18150000, 0x1afb3568, 0x1afb3600, 0x1be07000)
 Metaspace       used 38985K, capacity 40281K, committed 40704K, reserved 41344K
Event: 795.758 GC heap after
Heap after GC invocations=124 (full 6):
 def new generation   total 28096K, used 1395K [0x02c00000, 0x04a70000, 0x18150000)
  eden space 25024K,   0% used [0x02c00000, 0x02c00000, 0x04470000)
  from space 3072K,  45% used [0x04770000, 0x048cce00, 0x04a70000)
  to   space 3072K,   0% used [0x04470000, 0x04470000, 0x04770000)
 tenured generation   total 62172K, used 50542K [0x18150000, 0x1be07000, 0x42c00000)
   the space 62172K,  81% used [0x18150000, 0x1b2aba00, 0x1b2aba00, 0x1be07000)
 Metaspace       used 38985K, capacity 40281K, committed 40704K, reserved 41344K
}

